<?xml version="1.0" encoding="UTF-8"?>
<!-- Generated by org.testng.reporters.JUnitReportReporter -->
<testsuite hostname="venkatesh" failures="0" tests="1" name="automation_practice_web.Myaccount_Registration_cls" time="11.899" errors="0" timestamp="2024-01-03T07:56:39 IST" skipped="0">
  <testcase classname="automation_practice_web.Myaccount_Registration_cls" name="registration_empty_password_email_id" time="11.899"/>
  <system-out/>
</testsuite> <!-- automation_practice_web.Myaccount_Registration_cls -->
